mode: set
deepseek-cli/internal/agent/agent.go:52.38,56.2 1 1
deepseek-cli/internal/agent/agent.go:59.44,61.2 1 1
deepseek-cli/internal/agent/agent.go:64.46,66.2 1 1
deepseek-cli/internal/agent/agent.go:69.86,71.17 2 1
deepseek-cli/internal/agent/agent.go:74.2,74.23 1 1
deepseek-cli/internal/agent/agent.go:71.17,73.3 1 1
deepseek-cli/internal/agent/agent.go:78.39,80.31 2 1
deepseek-cli/internal/agent/agent.go:83.2,83.15 1 1
deepseek-cli/internal/agent/agent.go:80.31,82.3 1 1
deepseek-cli/internal/agent/agent.go:89.34,91.2 1 1
deepseek-cli/internal/agent/agent.go:93.69,95.23 2 1
deepseek-cli/internal/agent/agent.go:100.2,103.16 3 1
deepseek-cli/internal/agent/agent.go:107.2,107.26 1 1
deepseek-cli/internal/agent/agent.go:95.23,97.3 1 0
deepseek-cli/internal/agent/agent.go:103.16,105.3 1 1
deepseek-cli/internal/agent/agent.go:113.34,115.2 1 1
deepseek-cli/internal/agent/agent.go:117.69,119.23 2 1
deepseek-cli/internal/agent/agent.go:123.2,124.9 2 1
deepseek-cli/internal/agent/agent.go:129.2,129.41 1 1
deepseek-cli/internal/agent/agent.go:136.2,136.66 1 1
deepseek-cli/internal/agent/agent.go:140.2,140.40 1 1
deepseek-cli/internal/agent/agent.go:119.23,121.3 1 0
deepseek-cli/internal/agent/agent.go:124.9,126.3 1 0
deepseek-cli/internal/agent/agent.go:129.41,133.3 3 1
deepseek-cli/internal/agent/agent.go:136.66,138.3 1 0
deepseek-cli/internal/agent/agent.go:146.34,148.2 1 1
deepseek-cli/internal/agent/agent.go:150.69,152.26 2 1
deepseek-cli/internal/agent/agent.go:156.2,157.31 2 1
deepseek-cli/internal/agent/agent.go:163.2,168.16 5 1
deepseek-cli/internal/agent/agent.go:172.2,172.29 1 1
deepseek-cli/internal/agent/agent.go:152.26,154.3 1 0
deepseek-cli/internal/agent/agent.go:157.31,159.3 1 0
deepseek-cli/internal/agent/agent.go:159.8,161.3 1 1
deepseek-cli/internal/agent/agent.go:168.16,170.3 1 0
deepseek-cli/internal/agent/agent.go:178.32,180.2 1 1
deepseek-cli/internal/agent/agent.go:182.67,184.51 2 1
deepseek-cli/internal/agent/agent.go:188.2,189.16 2 1
deepseek-cli/internal/agent/agent.go:193.2,194.32 2 1
deepseek-cli/internal/agent/agent.go:207.2,207.29 1 1
deepseek-cli/internal/agent/agent.go:184.51,186.3 1 1
deepseek-cli/internal/agent/agent.go:189.16,191.3 1 0
deepseek-cli/internal/agent/agent.go:194.32,196.18 2 1
deepseek-cli/internal/agent/agent.go:196.18,197.20 1 1
deepseek-cli/internal/agent/agent.go:202.4,203.28 2 1
deepseek-cli/internal/agent/agent.go:197.20,199.5 1 1
deepseek-cli/internal/agent/agent.go:199.10,201.5 1 1
deepseek-cli/internal/agent/agent.go:213.34,215.2 1 1
deepseek-cli/internal/agent/agent.go:217.69,219.26 2 1
deepseek-cli/internal/agent/agent.go:223.2,224.51 2 1
deepseek-cli/internal/agent/agent.go:229.2,230.31 2 1
deepseek-cli/internal/agent/agent.go:237.2,243.29 5 1
deepseek-cli/internal/agent/agent.go:219.26,221.3 1 0
deepseek-cli/internal/agent/agent.go:224.51,226.3 1 1
deepseek-cli/internal/agent/agent.go:230.31,233.3 1 0
deepseek-cli/internal/agent/agent.go:233.8,235.3 1 1
deepseek-cli/internal/agent/agent.go:249.33,251.2 1 1
deepseek-cli/internal/agent/agent.go:253.68,255.26 2 1
deepseek-cli/internal/agent/agent.go:259.2,267.16 7 1
deepseek-cli/internal/agent/agent.go:271.2,271.29 1 1
deepseek-cli/internal/agent/agent.go:255.26,257.3 1 0
deepseek-cli/internal/agent/agent.go:267.16,269.3 1 0
deepseek-cli/internal/agent/agent.go:277.35,279.2 1 1
deepseek-cli/internal/agent/agent.go:281.70,283.22 2 1
deepseek-cli/internal/agent/agent.go:287.2,292.16 3 1
deepseek-cli/internal/agent/agent.go:295.2,297.38 2 1
deepseek-cli/internal/agent/agent.go:301.2,302.16 2 1
deepseek-cli/internal/agent/agent.go:306.2,306.26 1 1
deepseek-cli/internal/agent/agent.go:283.22,285.3 1 1
deepseek-cli/internal/agent/agent.go:292.16,294.3 1 1
deepseek-cli/internal/agent/agent.go:297.38,299.3 1 1
deepseek-cli/internal/agent/agent.go:302.16,304.3 1 0
deepseek-cli/internal/agent/agent.go:312.33,314.2 1 0
deepseek-cli/internal/agent/agent.go:316.68,318.23 2 1
deepseek-cli/internal/agent/agent.go:322.2,323.27 2 1
deepseek-cli/internal/agent/agent.go:327.2,328.18 2 0
deepseek-cli/internal/agent/agent.go:333.2,333.18 1 0
deepseek-cli/internal/agent/agent.go:337.2,337.65 1 0
deepseek-cli/internal/agent/agent.go:318.23,320.3 1 1
deepseek-cli/internal/agent/agent.go:323.27,325.3 1 1
deepseek-cli/internal/agent/agent.go:328.18,330.3 1 0
deepseek-cli/internal/agent/agent.go:333.18,335.3 1 0
deepseek-cli/internal/agent/agent.go:340.88,342.50 1 0
deepseek-cli/internal/agent/agent.go:346.2,352.16 4 0
deepseek-cli/internal/agent/agent.go:342.50,344.3 1 0
deepseek-cli/internal/agent/agent.go:353.15,361.17 6 0
deepseek-cli/internal/agent/agent.go:364.3,364.30 1 0
deepseek-cli/internal/agent/agent.go:365.10,366.62 1 0
deepseek-cli/internal/agent/agent.go:361.17,363.4 1 0
deepseek-cli/internal/agent/agent.go:373.39,375.2 1 1
deepseek-cli/internal/agent/agent.go:377.74,379.24 2 1
deepseek-cli/internal/agent/agent.go:383.2,384.18 2 1
deepseek-cli/internal/agent/agent.go:388.2,397.16 4 0
deepseek-cli/internal/agent/agent.go:401.2,402.16 2 0
deepseek-cli/internal/agent/agent.go:406.2,411.16 5 0
deepseek-cli/internal/agent/agent.go:414.2,416.38 2 0
deepseek-cli/internal/agent/agent.go:420.2,421.16 2 0
deepseek-cli/internal/agent/agent.go:425.2,425.26 1 0
deepseek-cli/internal/agent/agent.go:379.24,381.3 1 1
deepseek-cli/internal/agent/agent.go:384.18,386.3 1 1
deepseek-cli/internal/agent/agent.go:397.16,399.3 1 0
deepseek-cli/internal/agent/agent.go:402.16,404.3 1 0
deepseek-cli/internal/agent/agent.go:411.16,413.3 1 0
deepseek-cli/internal/agent/agent.go:416.38,418.3 1 0
deepseek-cli/internal/agent/agent.go:421.16,423.3 1 0
deepseek-cli/internal/bestn/bestn.go:30.81,36.2 1 1
deepseek-cli/internal/bestn/bestn.go:39.69,41.24 1 1
deepseek-cli/internal/bestn/bestn.go:46.2,46.61 1 1
deepseek-cli/internal/bestn/bestn.go:50.2,50.14 1 1
deepseek-cli/internal/bestn/bestn.go:54.2,55.27 2 1
deepseek-cli/internal/bestn/bestn.go:90.2,90.24 1 1
deepseek-cli/internal/bestn/bestn.go:41.24,43.3 1 1
deepseek-cli/internal/bestn/bestn.go:46.61,48.3 1 0
deepseek-cli/internal/bestn/bestn.go:50.14,52.3 1 0
deepseek-cli/internal/bestn/bestn.go:55.27,63.17 3 1
deepseek-cli/internal/bestn/bestn.go:68.3,69.10 2 1
deepseek-cli/internal/bestn/bestn.go:72.3,73.31 2 1
deepseek-cli/internal/bestn/bestn.go:76.3,77.10 2 1
deepseek-cli/internal/bestn/bestn.go:80.3,81.10 2 1
deepseek-cli/internal/bestn/bestn.go:84.3,85.10 2 1
deepseek-cli/internal/bestn/bestn.go:88.3,88.43 1 1
deepseek-cli/internal/bestn/bestn.go:63.17,65.4 1 1
deepseek-cli/internal/bestn/bestn.go:69.10,71.4 1 0
deepseek-cli/internal/bestn/bestn.go:73.31,75.4 1 0
deepseek-cli/internal/bestn/bestn.go:77.10,79.4 1 0
deepseek-cli/internal/bestn/bestn.go:81.10,83.4 1 0
deepseek-cli/internal/bestn/bestn.go:85.10,87.4 1 0
deepseek-cli/internal/bestn/bestn.go:94.97,95.26 1 1
deepseek-cli/internal/bestn/bestn.go:99.2,99.24 1 1
deepseek-cli/internal/bestn/bestn.go:103.2,103.53 1 1
deepseek-cli/internal/bestn/bestn.go:95.26,97.3 1 1
deepseek-cli/internal/bestn/bestn.go:99.24,101.3 1 0
deepseek-cli/internal/bestn/bestn.go:107.86,109.16 2 1
deepseek-cli/internal/bestn/bestn.go:113.2,113.63 1 1
deepseek-cli/internal/bestn/bestn.go:117.2,117.41 1 1
deepseek-cli/internal/bestn/bestn.go:109.16,111.3 1 1
deepseek-cli/internal/bestn/bestn.go:113.63,115.3 1 0
deepseek-cli/internal/bestn/bestn.go:121.89,123.16 2 1
deepseek-cli/internal/bestn/bestn.go:127.2,127.27 1 1
deepseek-cli/internal/bestn/bestn.go:123.16,125.3 1 0
deepseek-cli/internal/bestn/bestn.go:131.54,132.51 1 1
deepseek-cli/internal/bestn/bestn.go:135.2,135.13 1 1
deepseek-cli/internal/bestn/bestn.go:132.51,134.3 1 1
deepseek-cli/internal/bestn/bestn.go:139.50,158.2 1 1
deepseek-cli/main.go:17.13,18.30 1 0
deepseek-cli/main.go:18.30,21.3 2 0
deepseek-cli/main.go:24.18,27.16 2 1
deepseek-cli/main.go:32.2,32.29 1 1
deepseek-cli/main.go:35.2,35.28 1 1
deepseek-cli/main.go:39.2,44.48 1 1
deepseek-cli/main.go:68.2,78.55 4 1
deepseek-cli/main.go:82.2,90.55 2 1
deepseek-cli/main.go:94.2,102.55 2 1
deepseek-cli/main.go:125.2,130.55 1 1
deepseek-cli/main.go:152.2,161.55 3 1
deepseek-cli/main.go:167.2,216.55 26 1
deepseek-cli/main.go:220.2,238.23 18 1
deepseek-cli/main.go:27.16,29.3 1 1
deepseek-cli/main.go:32.29,34.3 1 1
deepseek-cli/main.go:35.28,37.3 1 1
deepseek-cli/main.go:44.48,49.20 3 1
deepseek-cli/main.go:49.20,52.5 1 1
deepseek-cli/main.go:52.10,52.28 1 1
deepseek-cli/main.go:52.28,55.5 1 1
deepseek-cli/main.go:55.10,57.23 1 1
deepseek-cli/main.go:57.23,59.6 1 1
deepseek-cli/main.go:59.11,62.6 1 0
deepseek-cli/main.go:78.55,80.4 1 0
deepseek-cli/main.go:90.55,92.4 1 0
deepseek-cli/main.go:102.55,104.18 2 0
deepseek-cli/main.go:107.4,110.57 2 0
deepseek-cli/main.go:121.4,121.14 1 0
deepseek-cli/main.go:104.18,106.5 1 0
deepseek-cli/main.go:110.57,118.5 7 0
deepseek-cli/main.go:118.10,120.5 1 0
deepseek-cli/main.go:130.55,132.18 2 0
deepseek-cli/main.go:137.4,137.49 1 0
deepseek-cli/main.go:143.4,143.47 1 0
deepseek-cli/main.go:147.4,149.14 3 0
deepseek-cli/main.go:132.18,134.5 1 0
deepseek-cli/main.go:137.49,141.5 3 0
deepseek-cli/main.go:143.47,145.5 1 0
deepseek-cli/main.go:161.55,163.4 1 0
deepseek-cli/main.go:216.55,218.4 1 0
deepseek-cli/main.go:242.65,254.58 3 1
deepseek-cli/main.go:259.2,259.52 1 1
deepseek-cli/main.go:264.2,264.67 1 1
deepseek-cli/main.go:274.2,274.24 1 1
deepseek-cli/main.go:277.2,281.17 3 1
deepseek-cli/main.go:286.2,287.17 2 1
deepseek-cli/main.go:292.2,293.19 2 1
deepseek-cli/main.go:298.2,299.24 2 1
deepseek-cli/main.go:304.2,305.24 2 1
deepseek-cli/main.go:310.2,310.35 1 1
deepseek-cli/main.go:315.2,316.23 2 1
deepseek-cli/main.go:325.2,325.53 1 1
deepseek-cli/main.go:330.2,330.63 1 1
deepseek-cli/main.go:339.2,340.26 2 1
deepseek-cli/main.go:354.2,354.34 1 1
deepseek-cli/main.go:360.2,361.21 2 1
deepseek-cli/main.go:365.2,365.17 1 1
deepseek-cli/main.go:254.58,256.3 1 1
deepseek-cli/main.go:259.52,261.3 1 1
deepseek-cli/main.go:264.67,271.3 2 1
deepseek-cli/main.go:274.24,276.3 1 1
deepseek-cli/main.go:281.17,283.3 1 1
deepseek-cli/main.go:287.17,289.3 1 0
deepseek-cli/main.go:293.19,295.3 1 0
deepseek-cli/main.go:299.24,301.3 1 1
deepseek-cli/main.go:305.24,307.3 1 1
deepseek-cli/main.go:310.35,312.3 1 1
deepseek-cli/main.go:316.23,317.25 1 1
deepseek-cli/main.go:317.25,319.4 1 1
deepseek-cli/main.go:319.9,321.4 1 0
deepseek-cli/main.go:325.53,327.3 1 1
deepseek-cli/main.go:330.63,332.67 2 1
deepseek-cli/main.go:335.3,335.20 1 1
deepseek-cli/main.go:332.67,334.4 1 1
deepseek-cli/main.go:340.26,342.41 1 1
deepseek-cli/main.go:342.41,344.70 2 1
deepseek-cli/main.go:347.4,347.27 1 1
deepseek-cli/main.go:344.70,346.5 1 1
deepseek-cli/main.go:348.9,350.4 1 1
deepseek-cli/main.go:354.34,357.3 2 1
deepseek-cli/main.go:361.21,363.3 1 1
deepseek-cli/main.go:369.63,371.18 2 1
deepseek-cli/main.go:375.2,383.58 2 1
deepseek-cli/main.go:388.2,389.19 2 1
deepseek-cli/main.go:394.2,395.17 2 1
deepseek-cli/main.go:400.2,401.17 2 1
deepseek-cli/main.go:406.2,407.24 2 1
deepseek-cli/main.go:412.2,413.24 2 1
deepseek-cli/main.go:418.2,419.23 2 1
deepseek-cli/main.go:428.2,428.53 1 1
deepseek-cli/main.go:433.2,434.18 2 1
deepseek-cli/main.go:438.2,438.17 1 1
deepseek-cli/main.go:371.18,373.3 1 1
deepseek-cli/main.go:383.58,385.3 1 1
deepseek-cli/main.go:389.19,391.3 1 0
deepseek-cli/main.go:395.17,397.3 1 1
deepseek-cli/main.go:401.17,403.3 1 1
deepseek-cli/main.go:407.24,409.3 1 1
deepseek-cli/main.go:413.24,415.3 1 1
deepseek-cli/main.go:419.23,420.25 1 1
deepseek-cli/main.go:420.25,422.4 1 1
deepseek-cli/main.go:422.9,424.4 1 0
deepseek-cli/main.go:428.53,430.3 1 1
deepseek-cli/main.go:434.18,436.3 1 1
deepseek-cli/main.go:442.74,444.19 1 1
deepseek-cli/main.go:466.2,467.19 2 1
deepseek-cli/main.go:481.2,482.16 2 1
deepseek-cli/main.go:487.2,487.49 1 1
deepseek-cli/main.go:492.2,492.16 1 1
deepseek-cli/main.go:496.2,497.16 2 1
deepseek-cli/main.go:502.2,503.75 2 1
deepseek-cli/main.go:506.2,506.43 1 1
deepseek-cli/main.go:444.19,447.14 3 1
deepseek-cli/main.go:453.3,453.19 1 1
deepseek-cli/main.go:458.3,458.69 1 0
deepseek-cli/main.go:462.3,462.35 1 0
deepseek-cli/main.go:447.14,449.4 1 0
deepseek-cli/main.go:449.9,451.4 1 1
deepseek-cli/main.go:453.19,455.4 1 1
deepseek-cli/main.go:458.69,460.4 1 0
deepseek-cli/main.go:467.19,469.67 2 1
deepseek-cli/main.go:472.3,473.17 2 1
deepseek-cli/main.go:476.3,477.13 2 1
deepseek-cli/main.go:469.67,471.4 1 0
deepseek-cli/main.go:473.17,475.4 1 0
deepseek-cli/main.go:482.16,484.3 1 0
deepseek-cli/main.go:487.49,489.3 1 0
deepseek-cli/main.go:492.16,494.3 1 0
deepseek-cli/main.go:497.16,499.3 1 0
deepseek-cli/main.go:503.75,505.3 1 1
deepseek-cli/main.go:510.73,512.19 1 1
deepseek-cli/main.go:534.2,535.19 2 1
deepseek-cli/main.go:549.2,550.16 2 1
deepseek-cli/main.go:555.2,555.48 1 1
deepseek-cli/main.go:560.2,560.16 1 1
deepseek-cli/main.go:564.2,565.16 2 1
deepseek-cli/main.go:568.2,568.31 1 1
deepseek-cli/main.go:512.19,515.14 3 1
deepseek-cli/main.go:521.3,521.19 1 1
deepseek-cli/main.go:526.3,526.69 1 0
deepseek-cli/main.go:530.3,530.35 1 0
deepseek-cli/main.go:515.14,517.4 1 0
deepseek-cli/main.go:517.9,519.4 1 1
deepseek-cli/main.go:521.19,523.4 1 1
deepseek-cli/main.go:526.69,528.4 1 0
deepseek-cli/main.go:535.19,537.67 2 1
deepseek-cli/main.go:540.3,541.17 2 1
deepseek-cli/main.go:544.3,545.13 2 1
deepseek-cli/main.go:537.67,539.4 1 0
deepseek-cli/main.go:541.17,543.4 1 0
deepseek-cli/main.go:550.16,552.3 1 0
deepseek-cli/main.go:555.48,557.3 1 0
deepseek-cli/main.go:560.16,562.3 1 0
deepseek-cli/main.go:565.16,567.3 1 0
deepseek-cli/main.go:572.76,574.19 1 1
deepseek-cli/main.go:581.2,582.16 2 1
deepseek-cli/main.go:585.2,585.34 1 1
deepseek-cli/main.go:574.19,576.19 2 1
deepseek-cli/main.go:579.3,579.35 1 1
deepseek-cli/main.go:576.19,578.4 1 0
deepseek-cli/main.go:582.16,584.3 1 1
deepseek-cli/main.go:589.77,591.19 1 1
deepseek-cli/main.go:598.2,599.16 2 1
deepseek-cli/main.go:602.2,602.35 1 1
deepseek-cli/main.go:591.19,593.19 2 1
deepseek-cli/main.go:596.3,596.35 1 1
deepseek-cli/main.go:593.19,595.4 1 0
deepseek-cli/main.go:599.16,601.3 1 1
deepseek-cli/main.go:606.60,609.2 2 1
deepseek-cli/main.go:611.56,614.2 2 1
deepseek-cli/main.go:616.54,619.2 2 1
deepseek-cli/main.go:621.62,624.2 2 1
deepseek-cli/main.go:626.67,629.2 2 1
deepseek-cli/main.go:631.26,632.19 1 1
deepseek-cli/main.go:635.2,635.16 1 1
deepseek-cli/main.go:632.19,634.3 1 1
deepseek-cli/main.go:640.26,643.2 2 1
deepseek-cli/main.go:645.58,647.16 2 1
deepseek-cli/main.go:650.2,650.12 1 1
deepseek-cli/main.go:647.16,649.3 1 1
deepseek-cli/main.go:653.59,656.18 2 1
deepseek-cli/main.go:661.2,666.54 4 0
deepseek-cli/main.go:671.2,672.35 2 0
deepseek-cli/main.go:676.2,676.12 1 0
deepseek-cli/main.go:656.18,658.3 1 1
deepseek-cli/main.go:666.54,668.3 1 0
deepseek-cli/main.go:672.35,674.3 1 0
deepseek-cli/main.go:679.80,681.2 1 1
deepseek-cli/main.go:683.104,685.19 1 1
deepseek-cli/main.go:700.2,714.49 5 1
deepseek-cli/main.go:718.2,719.16 2 1
deepseek-cli/main.go:723.2,723.39 1 1
deepseek-cli/main.go:685.19,687.19 2 1
deepseek-cli/main.go:692.3,692.69 1 0
deepseek-cli/main.go:696.3,696.35 1 0
deepseek-cli/main.go:687.19,689.4 1 1
deepseek-cli/main.go:692.69,694.4 1 0
deepseek-cli/main.go:714.49,716.3 1 0
deepseek-cli/main.go:719.16,721.3 1 0
deepseek-cli/main.go:726.86,728.2 1 1
deepseek-cli/main.go:730.110,733.16 2 1
deepseek-cli/main.go:738.2,739.56 2 1
deepseek-cli/main.go:744.2,744.19 1 1
deepseek-cli/main.go:754.2,768.49 5 1
deepseek-cli/main.go:772.2,773.16 2 1
deepseek-cli/main.go:777.2,777.39 1 1
deepseek-cli/main.go:733.16,735.3 1 1
deepseek-cli/main.go:739.56,741.3 1 1
deepseek-cli/main.go:744.19,746.19 2 0
deepseek-cli/main.go:750.3,750.35 1 0
deepseek-cli/main.go:746.19,748.4 1 0
deepseek-cli/main.go:768.49,770.3 1 0
deepseek-cli/main.go:773.16,775.3 1 0
deepseek-cli/main.go:780.64,782.2 1 1
deepseek-cli/main.go:784.88,787.16 2 1
deepseek-cli/main.go:791.2,792.18 2 1
deepseek-cli/main.go:797.2,797.19 1 1
deepseek-cli/main.go:805.2,805.55 1 1
deepseek-cli/main.go:787.16,789.3 1 0
deepseek-cli/main.go:792.18,794.3 1 1
deepseek-cli/main.go:797.19,799.19 2 1
deepseek-cli/main.go:802.3,802.35 1 0
deepseek-cli/main.go:799.19,801.4 1 1
deepseek-cli/response.go:10.60,12.52 2 1
deepseek-cli/response.go:19.2,19.38 1 1
deepseek-cli/response.go:60.2,60.23 1 1
deepseek-cli/response.go:76.2,76.12 1 1
deepseek-cli/response.go:12.52,16.3 2 1
deepseek-cli/response.go:19.38,20.36 1 1
deepseek-cli/response.go:27.3,27.87 1 1
deepseek-cli/response.go:32.3,32.75 1 1
deepseek-cli/response.go:54.3,54.33 1 1
deepseek-cli/response.go:20.36,21.81 1 1
deepseek-cli/response.go:21.81,23.5 1 1
deepseek-cli/response.go:27.87,29.4 1 1
deepseek-cli/response.go:32.75,34.70 1 1
deepseek-cli/response.go:34.70,45.97 2 1
deepseek-cli/response.go:45.97,47.43 2 0
deepseek-cli/response.go:47.43,49.7 1 0
deepseek-cli/response.go:54.33,56.4 1 1
deepseek-cli/response.go:60.23,61.16 1 1
deepseek-cli/response.go:61.16,68.4 1 1
deepseek-cli/response.go:68.9,73.4 1 1
deepseek-cli/response.go:80.43,82.52 2 1
deepseek-cli/response.go:89.2,89.38 1 1
deepseek-cli/response.go:99.2,99.23 1 1
deepseek-cli/response.go:106.2,106.12 1 1
deepseek-cli/response.go:82.52,86.3 2 1
deepseek-cli/response.go:89.38,90.24 1 1
deepseek-cli/response.go:93.3,93.33 1 1
deepseek-cli/response.go:90.24,92.4 1 1
deepseek-cli/response.go:93.33,95.4 1 1
deepseek-cli/response.go:99.23,104.3 1 1
deepseek-cli/response.go:110.64,112.52 2 1
deepseek-cli/response.go:143.2,143.38 1 1
deepseek-cli/response.go:159.2,159.23 1 1
deepseek-cli/response.go:175.2,175.12 1 1
deepseek-cli/response.go:112.52,115.52 2 1
deepseek-cli/response.go:121.3,121.76 1 0
deepseek-cli/response.go:138.3,139.13 2 0
deepseek-cli/response.go:115.52,118.4 2 1
deepseek-cli/response.go:121.76,122.61 1 0
deepseek-cli/response.go:122.61,123.70 1 0
deepseek-cli/response.go:123.70,124.56 1 0
deepseek-cli/response.go:124.56,127.74 2 0
deepseek-cli/response.go:132.7,133.17 2 0
deepseek-cli/response.go:127.74,131.8 3 0
deepseek-cli/response.go:143.38,144.36 1 1
deepseek-cli/response.go:144.36,145.81 1 1
deepseek-cli/response.go:145.81,148.75 2 1
deepseek-cli/response.go:148.75,151.6 2 1
deepseek-cli/response.go:151.11,153.6 1 1
deepseek-cli/response.go:159.23,160.16 1 1
deepseek-cli/response.go:160.16,167.4 1 1
deepseek-cli/response.go:167.9,172.4 1 1
deepseek-cli/response.go:179.64,181.51 2 1
deepseek-cli/response.go:185.2,185.30 1 1
deepseek-cli/response.go:205.2,205.21 1 1
deepseek-cli/response.go:181.51,183.3 1 1
deepseek-cli/response.go:185.30,186.76 1 1
deepseek-cli/response.go:186.76,187.61 1 1
deepseek-cli/response.go:187.61,188.70 1 1
deepseek-cli/response.go:188.70,189.56 1 1
deepseek-cli/response.go:189.56,191.7 1 1
deepseek-cli/response.go:195.8,195.36 1 1
deepseek-cli/response.go:195.36,196.76 1 1
deepseek-cli/response.go:196.76,197.61 1 1
deepseek-cli/response.go:197.61,198.48 1 1
deepseek-cli/response.go:198.48,200.6 1 1
deepseek-cli/response.go:209.39,211.51 2 1
deepseek-cli/response.go:215.2,215.64 1 1
deepseek-cli/response.go:229.2,229.12 1 1
deepseek-cli/response.go:211.51,213.3 1 1
deepseek-cli/response.go:215.64,217.67 2 1
deepseek-cli/response.go:220.3,220.75 1 1
deepseek-cli/response.go:223.3,223.65 1 1
deepseek-cli/response.go:226.3,226.15 1 1
deepseek-cli/response.go:217.67,219.4 1 1
deepseek-cli/response.go:220.75,222.4 1 1
deepseek-cli/response.go:223.65,225.4 1 1
deepseek-cli/response.go:233.46,235.51 2 1
deepseek-cli/response.go:239.2,239.75 1 1
deepseek-cli/response.go:247.2,247.11 1 1
deepseek-cli/response.go:235.51,237.3 1 1
deepseek-cli/response.go:239.75,240.60 1 1
deepseek-cli/response.go:240.60,241.64 1 1
deepseek-cli/response.go:241.64,243.5 1 1
deepseek-cli/response.go:251.50,253.51 2 1
deepseek-cli/response.go:257.2,257.75 1 1
deepseek-cli/response.go:267.2,267.11 1 1
deepseek-cli/response.go:253.51,255.3 1 1
deepseek-cli/response.go:257.75,258.60 1 1
deepseek-cli/response.go:258.60,259.69 1 1
deepseek-cli/response.go:259.69,260.74 1 1
deepseek-cli/response.go:260.74,262.6 1 1
deepseek-cli/response.go:271.45,273.51 2 1
deepseek-cli/response.go:277.2,277.75 1 1
deepseek-cli/response.go:297.2,297.12 1 1
deepseek-cli/response.go:273.51,275.3 1 1
deepseek-cli/response.go:277.75,278.60 1 1
deepseek-cli/response.go:278.60,279.69 1 1
deepseek-cli/response.go:279.69,280.67 1 1
deepseek-cli/response.go:280.67,282.35 2 1
deepseek-cli/response.go:291.6,291.18 1 1
deepseek-cli/response.go:282.35,283.55 1 1
deepseek-cli/response.go:283.55,284.74 1 1
deepseek-cli/response.go:284.74,288.9 3 1
deepseek-cli/response.go:301.43,303.51 2 1
deepseek-cli/response.go:307.2,307.79 1 1
deepseek-cli/response.go:313.2,313.14 1 1
deepseek-cli/response.go:303.51,305.3 1 1
deepseek-cli/response.go:307.79,308.60 1 1
deepseek-cli/response.go:308.60,310.4 1 1
deepseek-cli/response.go:317.45,326.86 2 1
deepseek-cli/response.go:330.2,330.50 1 1
deepseek-cli/response.go:326.86,328.3 1 1
deepseek-cli/response.go:334.32,338.2 1 1
deepseek-cli/response.go:341.44,343.2 1 1
deepseek-cli/response.go:346.46,348.52 2 1
deepseek-cli/response.go:354.2,357.34 3 1
deepseek-cli/response.go:367.2,367.12 1 1
deepseek-cli/response.go:348.52,352.3 2 1
deepseek-cli/response.go:357.34,361.24 4 1
deepseek-cli/response.go:364.3,364.16 1 1
deepseek-cli/response.go:361.24,363.4 1 0
deepseek-cli/response.go:371.47,373.52 2 1
deepseek-cli/response.go:379.2,385.12 6 1
deepseek-cli/response.go:373.52,377.3 2 1
deepseek-cli/streaming.go:14.63,17.16 3 1
deepseek-cli/streaming.go:20.2,24.16 4 1
deepseek-cli/streaming.go:27.2,32.16 5 1
deepseek-cli/streaming.go:35.2,37.53 2 1
deepseek-cli/streaming.go:42.2,42.44 1 0
deepseek-cli/streaming.go:17.16,19.3 1 0
deepseek-cli/streaming.go:24.16,26.3 1 1
deepseek-cli/streaming.go:32.16,34.3 1 0
deepseek-cli/streaming.go:37.53,40.3 2 1
deepseek-cli/streaming.go:46.61,49.16 3 1
deepseek-cli/streaming.go:52.2,56.16 4 1
deepseek-cli/streaming.go:59.2,64.16 5 1
deepseek-cli/streaming.go:67.2,69.53 2 1
deepseek-cli/streaming.go:74.2,74.43 1 0
deepseek-cli/streaming.go:49.16,51.3 1 0
deepseek-cli/streaming.go:56.16,58.3 1 1
deepseek-cli/streaming.go:64.16,66.3 1 0
deepseek-cli/streaming.go:69.53,72.3 2 1
deepseek-cli/streaming.go:78.78,80.21 2 1
deepseek-cli/streaming.go:209.2,211.22 2 1
deepseek-cli/streaming.go:80.21,84.17 2 1
deepseek-cli/streaming.go:89.3,89.41 1 1
deepseek-cli/streaming.go:93.3,96.23 2 1
deepseek-cli/streaming.go:101.3,101.31 1 1
deepseek-cli/streaming.go:84.17,85.12 1 1
deepseek-cli/streaming.go:89.41,90.12 1 1
deepseek-cli/streaming.go:96.23,97.9 1 1
deepseek-cli/streaming.go:101.31,103.63 2 1
deepseek-cli/streaming.go:103.63,114.69 2 1
deepseek-cli/streaming.go:119.5,119.47 1 0
deepseek-cli/streaming.go:129.5,129.32 1 0
deepseek-cli/streaming.go:114.69,115.14 1 1
deepseek-cli/streaming.go:119.47,120.36 1 0
deepseek-cli/streaming.go:123.6,123.36 1 0
deepseek-cli/streaming.go:120.36,122.7 1 0
deepseek-cli/streaming.go:123.36,125.7 1 0
deepseek-cli/streaming.go:129.32,134.6 1 0
deepseek-cli/streaming.go:135.10,137.42 1 1
deepseek-cli/streaming.go:147.5,147.27 1 1
deepseek-cli/streaming.go:137.42,138.59 1 1
deepseek-cli/streaming.go:141.6,141.36 1 1
deepseek-cli/streaming.go:138.59,140.7 1 1
deepseek-cli/streaming.go:141.36,143.7 1 1
deepseek-cli/streaming.go:147.27,152.6 1 1
deepseek-cli/streaming.go:154.9,154.37 1 1
deepseek-cli/streaming.go:154.37,156.63 2 1
deepseek-cli/streaming.go:156.63,165.70 2 0
deepseek-cli/streaming.go:170.5,170.48 1 0
deepseek-cli/streaming.go:180.5,180.33 1 0
deepseek-cli/streaming.go:165.70,166.14 1 0
deepseek-cli/streaming.go:170.48,171.27 1 0
deepseek-cli/streaming.go:174.6,174.36 1 0
deepseek-cli/streaming.go:171.27,173.7 1 0
deepseek-cli/streaming.go:174.36,176.7 1 0
deepseek-cli/streaming.go:180.33,185.6 1 0
deepseek-cli/streaming.go:186.10,188.42 1 1
deepseek-cli/streaming.go:198.5,198.27 1 1
deepseek-cli/streaming.go:188.42,189.27 1 1
deepseek-cli/streaming.go:192.6,192.36 1 1
deepseek-cli/streaming.go:189.27,191.7 1 1
deepseek-cli/streaming.go:192.36,194.7 1 1
deepseek-cli/streaming.go:198.27,203.6 1 1
deepseek-cli/validation.go:13.41,15.2 1 1
deepseek-cli/validation.go:18.50,19.21 1 1
deepseek-cli/validation.go:23.2,23.28 1 1
deepseek-cli/validation.go:28.2,28.35 1 1
deepseek-cli/validation.go:35.2,35.25 1 1
deepseek-cli/validation.go:42.2,42.31 1 1
deepseek-cli/validation.go:49.2,49.28 1 1
deepseek-cli/validation.go:56.2,56.21 1 1
deepseek-cli/validation.go:63.2,63.33 1 1
deepseek-cli/validation.go:70.2,70.32 1 1
deepseek-cli/validation.go:77.2,77.31 1 1
deepseek-cli/validation.go:84.2,84.21 1 1
deepseek-cli/validation.go:91.2,91.28 1 1
deepseek-cli/validation.go:98.2,98.33 1 1
deepseek-cli/validation.go:108.2,108.27 1 1
deepseek-cli/validation.go:114.2,114.12 1 1
deepseek-cli/validation.go:19.21,21.3 1 1
deepseek-cli/validation.go:23.28,25.3 1 1
deepseek-cli/validation.go:28.35,29.50 1 1
deepseek-cli/validation.go:29.50,31.4 1 0
deepseek-cli/validation.go:35.25,36.72 1 1
deepseek-cli/validation.go:36.72,38.4 1 1
deepseek-cli/validation.go:42.31,43.68 1 1
deepseek-cli/validation.go:43.68,45.4 1 1
deepseek-cli/validation.go:49.28,50.51 1 1
deepseek-cli/validation.go:50.51,52.4 1 1
deepseek-cli/validation.go:56.21,57.37 1 1
deepseek-cli/validation.go:57.37,59.4 1 1
deepseek-cli/validation.go:63.33,64.62 1 1
deepseek-cli/validation.go:64.62,66.4 1 1
deepseek-cli/validation.go:70.32,71.60 1 1
deepseek-cli/validation.go:71.60,73.4 1 1
deepseek-cli/validation.go:77.31,78.84 1 1
deepseek-cli/validation.go:78.84,80.4 1 1
deepseek-cli/validation.go:84.21,85.48 1 0
deepseek-cli/validation.go:85.48,87.4 1 0
deepseek-cli/validation.go:91.28,92.52 1 1
deepseek-cli/validation.go:92.52,94.4 1 1
deepseek-cli/validation.go:98.33,99.30 1 1
deepseek-cli/validation.go:102.3,102.31 1 1
deepseek-cli/validation.go:99.30,101.4 1 1
deepseek-cli/validation.go:102.31,104.4 1 1
deepseek-cli/validation.go:108.27,109.60 1 1
deepseek-cli/validation.go:109.60,111.4 1 1
deepseek-cli/validation.go:117.53,125.27 2 1
deepseek-cli/validation.go:133.2,133.24 1 1
deepseek-cli/validation.go:150.2,150.76 1 1
deepseek-cli/validation.go:158.2,158.65 1 1
deepseek-cli/validation.go:165.2,165.12 1 1
deepseek-cli/validation.go:125.27,130.3 1 1
deepseek-cli/validation.go:133.24,134.49 1 1
deepseek-cli/validation.go:134.49,135.51 1 1
deepseek-cli/validation.go:135.51,140.5 1 0
deepseek-cli/validation.go:142.8,142.36 1 1
deepseek-cli/validation.go:142.36,147.3 1 1
deepseek-cli/validation.go:150.76,155.3 1 0
deepseek-cli/validation.go:158.65,163.3 1 0
deepseek-cli/validation.go:168.43,169.26 1 1
deepseek-cli/validation.go:189.2,189.12 1 1
deepseek-cli/validation.go:170.14,171.14 1 1
deepseek-cli/validation.go:174.16,175.18 1 1
deepseek-cli/validation.go:178.3,178.18 1 1
deepseek-cli/validation.go:181.3,181.25 1 1
deepseek-cli/validation.go:186.10,187.60 1 1
deepseek-cli/validation.go:171.14,173.4 1 1
deepseek-cli/validation.go:175.18,177.4 1 1
deepseek-cli/validation.go:178.18,180.4 1 1
deepseek-cli/validation.go:181.25,182.17 1 1
deepseek-cli/validation.go:182.17,184.5 1 1
deepseek-cli/validation.go:192.55,193.33 1 1
deepseek-cli/validation.go:218.2,218.12 1 1
deepseek-cli/validation.go:194.14,200.24 2 1
deepseek-cli/validation.go:203.30,205.31 1 1
deepseek-cli/validation.go:208.3,209.10 2 1
deepseek-cli/validation.go:212.3,212.54 1 1
deepseek-cli/validation.go:215.10,216.50 1 1
deepseek-cli/validation.go:200.24,202.4 1 1
deepseek-cli/validation.go:205.31,207.4 1 1
deepseek-cli/validation.go:209.10,211.4 1 0
deepseek-cli/validation.go:212.54,214.4 1 1
deepseek-cli/validation.go:222.48,223.21 1 1
deepseek-cli/validation.go:227.2,227.22 1 1
deepseek-cli/validation.go:232.2,232.51 1 1
deepseek-cli/validation.go:237.2,237.28 1 1
deepseek-cli/validation.go:244.2,244.21 1 1
deepseek-cli/validation.go:251.2,251.33 1 1
deepseek-cli/validation.go:258.2,258.32 1 1
deepseek-cli/validation.go:265.2,265.21 1 1
deepseek-cli/validation.go:272.2,272.25 1 1
deepseek-cli/validation.go:278.2,278.12 1 1
deepseek-cli/validation.go:223.21,225.3 1 1
deepseek-cli/validation.go:227.22,229.3 1 1
deepseek-cli/validation.go:232.51,234.3 1 1
deepseek-cli/validation.go:237.28,238.51 1 1
deepseek-cli/validation.go:238.51,240.4 1 1
deepseek-cli/validation.go:244.21,245.37 1 1
deepseek-cli/validation.go:245.37,247.4 1 1
deepseek-cli/validation.go:251.33,252.62 1 1
deepseek-cli/validation.go:252.62,254.4 1 1
deepseek-cli/validation.go:258.32,259.60 1 1
deepseek-cli/validation.go:259.60,261.4 1 1
deepseek-cli/validation.go:265.21,266.48 1 0
deepseek-cli/validation.go:266.48,268.4 1 0
deepseek-cli/validation.go:272.25,273.46 1 1
deepseek-cli/validation.go:273.46,275.4 1 1
deepseek-cli/client.go:27.45,33.2 1 1
deepseek-cli/client.go:35.76,37.17 2 1
deepseek-cli/client.go:44.2,46.16 3 1
deepseek-cli/client.go:49.2,50.17 2 1
deepseek-cli/client.go:53.2,54.16 2 1
deepseek-cli/client.go:57.2,59.16 3 1
deepseek-cli/client.go:62.2,62.53 1 1
deepseek-cli/client.go:65.2,65.15 1 1
deepseek-cli/client.go:37.17,39.17 2 1
deepseek-cli/client.go:42.3,42.28 1 1
deepseek-cli/client.go:39.17,41.4 1 0
deepseek-cli/client.go:46.16,48.3 1 0
deepseek-cli/client.go:50.17,52.3 1 1
deepseek-cli/client.go:54.16,56.3 1 1
deepseek-cli/client.go:59.16,61.3 1 0
deepseek-cli/client.go:62.53,64.3 1 1
deepseek-cli/client.go:68.41,71.33 2 1
deepseek-cli/client.go:81.2,81.18 1 1
deepseek-cli/client.go:84.2,84.16 1 1
deepseek-cli/client.go:89.2,89.16 1 1
deepseek-cli/client.go:92.2,92.21 1 1
deepseek-cli/client.go:71.33,72.26 1 1
deepseek-cli/client.go:75.3,75.27 1 1
deepseek-cli/client.go:72.26,74.4 1 0
deepseek-cli/client.go:75.27,77.4 1 0
deepseek-cli/client.go:81.18,83.3 1 1
deepseek-cli/client.go:84.16,86.3 1 1
deepseek-cli/client.go:89.16,91.3 1 1
deepseek-cli/client.go:95.45,98.33 2 1
deepseek-cli/client.go:108.2,108.18 1 1
deepseek-cli/client.go:111.2,111.16 1 1
deepseek-cli/client.go:116.2,116.16 1 1
deepseek-cli/client.go:119.2,119.21 1 1
deepseek-cli/client.go:98.33,99.26 1 1
deepseek-cli/client.go:102.3,102.27 1 1
deepseek-cli/client.go:99.26,101.4 1 0
deepseek-cli/client.go:102.27,104.4 1 0
deepseek-cli/client.go:108.18,110.3 1 1
deepseek-cli/client.go:111.16,113.3 1 1
deepseek-cli/client.go:116.16,118.3 1 1
deepseek-cli/client.go:122.44,123.38 1 1
deepseek-cli/client.go:126.2,126.19 1 1
deepseek-cli/client.go:123.38,125.3 1 1
deepseek-cli/config.go:57.40,72.2 1 1
deepseek-cli/config.go:75.38,88.2 1 1
deepseek-cli/config.go:91.36,93.16 2 1
deepseek-cli/config.go:98.2,98.55 1 1
deepseek-cli/config.go:104.2,105.16 2 1
deepseek-cli/config.go:110.2,111.54 2 1
deepseek-cli/config.go:115.2,115.21 1 0
deepseek-cli/config.go:93.16,95.3 1 1
deepseek-cli/config.go:98.55,101.3 1 1
deepseek-cli/config.go:105.16,107.3 1 0
deepseek-cli/config.go:111.54,113.3 1 1
deepseek-cli/config.go:119.38,122.22 2 1
deepseek-cli/config.go:154.2,155.45 2 1
deepseek-cli/config.go:159.2,160.45 2 1
deepseek-cli/config.go:165.2,165.22 1 1
deepseek-cli/config.go:123.17,126.20 2 0
deepseek-cli/config.go:129.3,129.53 1 0
deepseek-cli/config.go:130.16,133.17 2 0
deepseek-cli/config.go:136.3,136.84 1 0
deepseek-cli/config.go:137.10,141.26 2 1
deepseek-cli/config.go:126.20,128.4 1 0
deepseek-cli/config.go:133.17,135.4 1 0
deepseek-cli/config.go:141.26,143.4 1 1
deepseek-cli/config.go:143.9,146.18 2 1
deepseek-cli/config.go:149.4,149.62 1 1
deepseek-cli/config.go:146.18,148.5 1 1
deepseek-cli/config.go:155.45,157.3 1 1
deepseek-cli/config.go:160.45,162.3 1 0
deepseek-cli/config.go:169.33,171.16 2 1
deepseek-cli/config.go:176.2,177.53 2 1
deepseek-cli/config.go:182.2,224.77 2 1
deepseek-cli/config.go:228.2,228.12 1 1
deepseek-cli/config.go:171.16,173.3 1 0
deepseek-cli/config.go:177.53,179.3 1 0
deepseek-cli/config.go:224.77,226.3 1 0
deepseek-cli/config.go:232.38,234.2 1 1
deepseek-cli/internal/speculative/adaptive.go:19.136,27.2 1 1
deepseek-cli/internal/speculative/adaptive.go:30.54,33.24 2 1
deepseek-cli/internal/speculative/adaptive.go:33.24,35.3 1 1
deepseek-cli/internal/speculative/adaptive.go:35.8,35.31 1 1
deepseek-cli/internal/speculative/adaptive.go:35.31,37.3 1 1
deepseek-cli/internal/speculative/adaptive.go:37.8,39.3 1 1
deepseek-cli/internal/speculative/adaptive.go:43.46,46.2 2 1
deepseek-cli/internal/speculative/adaptive.go:49.63,51.2 1 1
deepseek-cli/internal/speculative/adaptive.go:54.58,57.2 1 1
deepseek-cli/internal/speculative/adaptive.go:61.84,62.22 1 1
deepseek-cli/internal/speculative/adaptive.go:68.2,68.25 1 1
deepseek-cli/internal/speculative/adaptive.go:62.22,65.3 1 1
deepseek-cli/internal/speculative/adaptive.go:72.83,81.16 3 1
deepseek-cli/internal/speculative/adaptive.go:85.2,86.39 2 1
deepseek-cli/internal/speculative/adaptive.go:90.2,90.49 1 1
deepseek-cli/internal/speculative/adaptive.go:81.16,83.3 1 0
deepseek-cli/internal/speculative/adaptive.go:86.39,88.3 1 0
deepseek-cli/internal/speculative/adaptive.go:95.97,98.25 2 1
deepseek-cli/internal/speculative/adaptive.go:121.2,121.26 1 1
deepseek-cli/internal/speculative/adaptive.go:125.2,125.24 1 0
deepseek-cli/internal/speculative/adaptive.go:98.25,108.17 3 1
deepseek-cli/internal/speculative/adaptive.go:113.3,114.40 2 1
deepseek-cli/internal/speculative/adaptive.go:118.3,118.71 1 0
deepseek-cli/internal/speculative/adaptive.go:108.17,110.12 1 1
deepseek-cli/internal/speculative/adaptive.go:114.40,115.12 1 1
deepseek-cli/internal/speculative/adaptive.go:121.26,123.3 1 1
deepseek-cli/internal/speculative/adaptive.go:129.112,130.26 1 1
deepseek-cli/internal/speculative/adaptive.go:134.2,134.26 1 1
deepseek-cli/internal/speculative/adaptive.go:139.2,140.34 2 1
deepseek-cli/internal/speculative/adaptive.go:143.2,154.16 4 1
deepseek-cli/internal/speculative/adaptive.go:158.2,159.39 2 1
deepseek-cli/internal/speculative/adaptive.go:165.2,167.28 2 1
deepseek-cli/internal/speculative/adaptive.go:177.2,177.27 1 0
deepseek-cli/internal/speculative/adaptive.go:130.26,132.3 1 1
deepseek-cli/internal/speculative/adaptive.go:134.26,136.3 1 1
deepseek-cli/internal/speculative/adaptive.go:140.34,142.3 1 1
deepseek-cli/internal/speculative/adaptive.go:154.16,156.3 1 0
deepseek-cli/internal/speculative/adaptive.go:159.39,161.3 1 0
deepseek-cli/internal/speculative/adaptive.go:167.28,168.27 1 1
deepseek-cli/internal/speculative/adaptive.go:168.27,170.41 2 1
deepseek-cli/internal/speculative/adaptive.go:170.41,172.5 1 1
deepseek-cli/internal/speculative/speculative.go:53.123,61.2 1 1
deepseek-cli/internal/speculative/speculative.go:64.69,65.16 1 1
deepseek-cli/internal/speculative/speculative.go:70.2,80.41 2 1
deepseek-cli/internal/speculative/speculative.go:84.2,85.16 2 1
deepseek-cli/internal/speculative/speculative.go:89.2,90.39 2 1
deepseek-cli/internal/speculative/speculative.go:95.2,99.36 3 1
deepseek-cli/internal/speculative/speculative.go:103.2,103.20 1 1
deepseek-cli/internal/speculative/speculative.go:65.16,67.3 1 0
deepseek-cli/internal/speculative/speculative.go:80.41,82.3 1 0
deepseek-cli/internal/speculative/speculative.go:85.16,87.3 1 1
deepseek-cli/internal/speculative/speculative.go:90.39,92.3 1 0
deepseek-cli/internal/speculative/speculative.go:99.36,101.3 1 0
deepseek-cli/internal/speculative/speculative.go:107.92,108.16 1 1
deepseek-cli/internal/speculative/speculative.go:113.2,124.41 3 1
deepseek-cli/internal/speculative/speculative.go:128.2,129.16 2 1
deepseek-cli/internal/speculative/speculative.go:133.2,134.39 2 1
deepseek-cli/internal/speculative/speculative.go:139.2,140.41 2 1
deepseek-cli/internal/speculative/speculative.go:145.2,148.22 2 1
deepseek-cli/internal/speculative/speculative.go:153.2,153.22 1 1
deepseek-cli/internal/speculative/speculative.go:108.16,110.3 1 0
deepseek-cli/internal/speculative/speculative.go:124.41,126.3 1 0
deepseek-cli/internal/speculative/speculative.go:129.16,131.3 1 1
deepseek-cli/internal/speculative/speculative.go:134.39,136.3 1 0
deepseek-cli/internal/speculative/speculative.go:140.41,142.3 1 1
deepseek-cli/internal/speculative/speculative.go:148.22,151.3 1 0
deepseek-cli/internal/speculative/speculative.go:157.68,158.16 1 1
deepseek-cli/internal/speculative/speculative.go:162.2,163.16 2 1
deepseek-cli/internal/speculative/speculative.go:168.2,169.16 2 1
deepseek-cli/internal/speculative/speculative.go:174.2,174.34 1 1
deepseek-cli/internal/speculative/speculative.go:158.16,160.3 1 0
deepseek-cli/internal/speculative/speculative.go:163.16,165.3 1 1
deepseek-cli/internal/speculative/speculative.go:169.16,171.3 1 0
deepseek-cli/internal/speculative/speculative.go:178.57,180.2 1 1
deepseek-cli/internal/speculative/speculative.go:183.52,185.2 1 1
deepseek-cli/internal/speculative/speculative.go:188.47,190.2 1 1
deepseek-cli/internal/speculative/speculative.go:193.55,195.2 1 1
deepseek-cli/internal/speculative/speculative.go:198.105,200.36 2 1
deepseek-cli/internal/speculative/speculative.go:212.2,212.17 1 1
deepseek-cli/internal/speculative/speculative.go:200.36,201.31 1 1
deepseek-cli/internal/speculative/speculative.go:205.3,205.39 1 1
deepseek-cli/internal/speculative/speculative.go:201.31,202.9 1 1
deepseek-cli/internal/speculative/speculative.go:205.39,207.4 1 1
deepseek-cli/internal/speculative/speculative.go:207.9,209.9 1 1
deepseek-cli/internal/speculative/speculative.go:216.41,218.2 1 1
deepseek-cli/internal/speculative/speculative.go:221.37,225.2 1 1
deepseek-cli/internal/speculative/speculative.go:228.81,235.19 2 1
deepseek-cli/internal/speculative/speculative.go:238.2,238.17 1 1
deepseek-cli/internal/speculative/speculative.go:235.19,237.3 1 1
deepseek-cli/internal/speculative/speculative.go:242.56,244.52 2 1
deepseek-cli/internal/speculative/speculative.go:247.2,247.19 1 1
deepseek-cli/internal/speculative/speculative.go:244.52,246.3 1 1
deepseek-cli/internal/exec/exec.go:23.47,28.16 3 1
deepseek-cli/internal/exec/exec.go:31.2,33.55 2 1
deepseek-cli/internal/exec/exec.go:36.2,36.40 1 1
deepseek-cli/internal/exec/exec.go:41.2,48.16 7 1
deepseek-cli/internal/exec/exec.go:54.2,59.8 1 1
deepseek-cli/internal/exec/exec.go:28.16,30.3 1 0
deepseek-cli/internal/exec/exec.go:33.55,35.3 1 0
deepseek-cli/internal/exec/exec.go:36.40,38.3 1 0
deepseek-cli/internal/exec/exec.go:48.16,49.49 1 1
deepseek-cli/internal/exec/exec.go:49.49,51.4 1 1
deepseek-cli/internal/exec/exec.go:63.51,73.16 8 1
deepseek-cli/internal/exec/exec.go:79.2,84.8 1 1
deepseek-cli/internal/exec/exec.go:73.16,74.49 1 1
deepseek-cli/internal/exec/exec.go:74.49,76.4 1 1
deepseek-cli/internal/exec/exec.go:88.49,98.16 8 1
deepseek-cli/internal/exec/exec.go:104.2,109.8 1 1
deepseek-cli/internal/exec/exec.go:98.16,99.49 1 0
deepseek-cli/internal/exec/exec.go:99.49,101.4 1 0
deepseek-cli/internal/exec/exec.go:113.52,117.31 3 1
deepseek-cli/internal/exec/exec.go:123.2,129.16 6 1
deepseek-cli/internal/exec/exec.go:141.2,146.8 1 1
deepseek-cli/internal/exec/exec.go:117.31,119.3 1 0
deepseek-cli/internal/exec/exec.go:119.8,121.3 1 1
deepseek-cli/internal/exec/exec.go:129.16,130.49 1 1
deepseek-cli/internal/exec/exec.go:133.3,138.9 1 1
deepseek-cli/internal/exec/exec.go:130.49,132.4 1 1
deepseek-cli/internal/exec/exec.go:150.77,163.16 10 1
deepseek-cli/internal/exec/exec.go:184.2,189.8 1 0
deepseek-cli/internal/exec/exec.go:163.16,164.49 1 1
deepseek-cli/internal/exec/exec.go:168.3,168.44 1 1
deepseek-cli/internal/exec/exec.go:176.3,181.9 1 0
deepseek-cli/internal/exec/exec.go:164.49,166.4 1 1
deepseek-cli/internal/exec/exec.go:168.44,175.4 1 1
deepseek-cli/internal/exec/exec.go:193.67,194.14 1 1
deepseek-cli/internal/exec/exec.go:195.16,196.26 1 1
deepseek-cli/internal/exec/exec.go:197.10,198.92 1 0
deepseek-cli/internal/exec/exec.go:203.73,207.51 2 1
deepseek-cli/internal/exec/exec.go:211.2,215.14 4 0
deepseek-cli/internal/exec/exec.go:257.2,263.16 6 0
deepseek-cli/internal/exec/exec.go:269.2,274.8 1 0
deepseek-cli/internal/exec/exec.go:207.51,209.3 1 1
deepseek-cli/internal/exec/exec.go:216.16,224.25 2 0
deepseek-cli/internal/exec/exec.go:226.12,230.17 3 0
deepseek-cli/internal/exec/exec.go:233.3,236.52 3 0
deepseek-cli/internal/exec/exec.go:239.3,251.28 2 0
deepseek-cli/internal/exec/exec.go:253.10,254.78 1 0
deepseek-cli/internal/exec/exec.go:230.17,232.4 1 0
deepseek-cli/internal/exec/exec.go:236.52,238.4 1 0
deepseek-cli/internal/exec/exec.go:263.16,264.49 1 0
deepseek-cli/internal/exec/exec.go:264.49,266.4 1 0
deepseek-cli/internal/exec/exec.go:278.41,279.20 1 1
deepseek-cli/internal/exec/exec.go:284.2,284.86 1 1
deepseek-cli/internal/exec/exec.go:287.2,287.75 1 1
deepseek-cli/internal/exec/exec.go:290.2,290.81 1 1
deepseek-cli/internal/exec/exec.go:293.2,293.40 1 1
deepseek-cli/internal/exec/exec.go:297.2,297.18 1 0
deepseek-cli/internal/exec/exec.go:279.20,281.3 1 1
deepseek-cli/internal/exec/exec.go:284.86,286.3 1 1
deepseek-cli/internal/exec/exec.go:287.75,289.3 1 1
deepseek-cli/internal/exec/exec.go:290.81,292.3 1 1
deepseek-cli/internal/exec/exec.go:293.40,295.3 1 1
deepseek-cli/internal/exec/exec.go:301.55,304.14 2 1
deepseek-cli/internal/exec/exec.go:305.12,306.22 1 1
deepseek-cli/internal/exec/exec.go:307.16,308.26 1 1
deepseek-cli/internal/exec/exec.go:309.14,310.24 1 0
deepseek-cli/internal/exec/exec.go:311.10,312.69 1 0
deepseek-cli/internal/exec/exec.go:317.62,319.16 2 1
deepseek-cli/internal/exec/exec.go:322.2,324.55 2 1
deepseek-cli/internal/exec/exec.go:328.2,328.28 1 1
deepseek-cli/internal/exec/exec.go:319.16,321.3 1 0
deepseek-cli/internal/exec/exec.go:324.55,326.3 1 0
deepseek-cli/internal/exec/exec.go:332.38,334.2 1 1
deepseek-cli/internal/exec/exec.go:337.26,338.31 1 1
deepseek-cli/internal/exec/exec.go:341.2,341.15 1 1
deepseek-cli/internal/exec/exec.go:338.31,340.3 1 0
deepseek-cli/internal/exec/exec.go:345.45,347.2 1 1
deepseek-cli/internal/tui/tui.go:69.27,93.2 8 1
deepseek-cli/internal/tui/tui.go:96.31,98.2 1 1
deepseek-cli/internal/tui/tui.go:101.57,105.18 2 1
deepseek-cli/internal/tui/tui.go:109.2,109.27 1 1
deepseek-cli/internal/tui/tui.go:142.2,143.15 2 0
deepseek-cli/internal/tui/tui.go:105.18,107.3 1 0
deepseek-cli/internal/tui/tui.go:110.25,118.16 6 1
deepseek-cli/internal/tui/tui.go:120.18,121.19 1 1
deepseek-cli/internal/tui/tui.go:122.33,123.22 1 1
deepseek-cli/internal/tui/tui.go:124.21,126.49 1 1
deepseek-cli/internal/tui/tui.go:133.4,133.17 1 1
deepseek-cli/internal/tui/tui.go:134.11,137.17 2 0
deepseek-cli/internal/tui/tui.go:126.49,132.5 4 1
deepseek-cli/internal/tui/tui.go:147.30,149.2 1 1
deepseek-cli/internal/tui/tui.go:152.50,160.58 2 1
deepseek-cli/internal/tui/tui.go:160.58,162.3 1 1
deepseek-cli/internal/tui/tui.go:166.37,170.2 1 1
deepseek-cli/internal/tui/tui.go:173.37,177.2 1 1
deepseek-cli/internal/tui/tui.go:180.29,191.2 1 1
deepseek-cli/internal/tui/tui.go:194.40,198.26 2 1
deepseek-cli/internal/tui/tui.go:220.2,222.26 2 1
deepseek-cli/internal/tui/tui.go:198.26,202.3 3 0
deepseek-cli/internal/tui/tui.go:202.8,203.34 1 1
deepseek-cli/internal/tui/tui.go:203.34,207.31 3 1
deepseek-cli/internal/tui/tui.go:213.4,215.26 3 1
deepseek-cli/internal/tui/tui.go:207.31,210.5 2 1
deepseek-cli/internal/tui/tui.go:226.41,228.2 1 1
deepseek-cli/internal/tui/tui.go:231.41,235.25 4 1
deepseek-cli/internal/tui/tui.go:238.2,238.17 1 1
deepseek-cli/internal/tui/tui.go:241.2,242.47 2 1
deepseek-cli/internal/tui/tui.go:235.25,237.3 1 1
deepseek-cli/internal/tui/tui.go:238.17,240.3 1 0
deepseek-cli/internal/tui/tui.go:246.42,248.2 1 1
deepseek-cli/internal/tui/tui.go:251.34,254.24 2 1
deepseek-cli/internal/tui/tui.go:258.2,259.36 2 1
deepseek-cli/internal/tui/tui.go:254.24,256.3 1 0
deepseek-cli/internal/tui/tui.go:263.46,265.15 2 0
deepseek-cli/internal/tui/tui.go:265.15,267.3 1 0
deepseek-cli/internal/tui/tui.go:271.53,272.78 1 0
deepseek-cli/internal/tui/tui.go:272.78,274.3 1 0
deepseek-cli/internal/tui/tui.go:274.8,276.3 1 0
